<?xml version="1.0" encoding="UTF-8"?>
<!-- Generated by org.testng.reporters.JUnitReportReporter -->
<testsuite skipped="0" hostname="DESKTOP-JU5IVL4" name="com.training.test.leads.LeadsTest" tests="1" failures="0" timestamp="2021-10-17T00:07:52 PDT" time="17.205" errors="0">
  <testcase name="TC20_leadsTab" time="17.205" classname="com.training.test.leads.LeadsTest"/>
  <system-out/>
</testsuite> <!-- com.training.test.leads.LeadsTest -->
