<?xml version="1.0" encoding="UTF-8"?>
<!-- Generated by org.testng.reporters.JUnitReportReporter -->
<testsuite skipped="0" hostname="DESKTOP-JU5IVL4" name="loginPage.CheckRemeberMe3" tests="1" failures="0" timestamp="2021-09-28T10:53:33 EDT" time="8.052" errors="0">
  <testcase name="TestTheRememberUsernameCheckBox" time="8.052" classname="loginPage.CheckRemeberMe3"/>
  <system-out/>
</testsuite> <!-- loginPage.CheckRemeberMe3 -->
