<?xml version="1.0" encoding="UTF-8"?>
<!-- Generated by org.testng.reporters.JUnitReportReporter -->
<testsuite skipped="0" hostname="DESKTOP-JU5IVL4" name="loginPage.TestCase1" tests="2" failures="0" timestamp="2021-09-28T09:46:00 EDT" time="5.241" errors="0">
  <testcase name="login" time="1.390" classname="loginPage.TestCase1"/>
  <system-out/>
  <testcase name="launchbrowser" time="3.851" classname="loginPage.TestCase1"/>
  <system-out/>
</testsuite> <!-- loginPage.TestCase1 -->
