<?xml version="1.0" encoding="UTF-8"?>
<!-- Generated by org.testng.reporters.JUnitReportReporter -->
<testsuite skipped="0" hostname="DESKTOP-JU5IVL4" name="com.training.test.createOpty.CreateOptyTest" tests="1" failures="0" timestamp="2021-10-15T16:19:32 PDT" time="23.959" errors="0">
  <testcase name="TestCase_19" time="23.959" classname="com.training.test.createOpty.CreateOptyTest"/>
  <system-out/>
</testsuite> <!-- com.training.test.createOpty.CreateOptyTest -->
