<?xml version="1.0" encoding="UTF-8"?>
<!-- Generated by org.testng.reporters.JUnitReportReporter -->
<testsuite skipped="0" hostname="DESKTOP-JU5IVL4" name="com.training.test.contacts.ContactsTest" tests="1" failures="0" timestamp="2021-10-16T14:40:53 PDT" time="26.212" errors="0">
  <testcase name="TestCase32" time="26.212" classname="com.training.test.contacts.ContactsTest"/>
  <system-out/>
</testsuite> <!-- com.training.test.contacts.ContactsTest -->
