<?xml version="1.0" encoding="UTF-8"?>
<!-- Generated by org.testng.reporters.JUnitReportReporter -->
<testsuite skipped="0" hostname="DESKTOP-JU5IVL4" name="loginPage.LoginToSalesForce2" tests="1" failures="0" timestamp="2021-09-28T10:39:53 EDT" time="5.807" errors="0">
  <testcase name="LoginToSalesForce" time="5.807" classname="loginPage.LoginToSalesForce2"/>
  <system-out/>
</testsuite> <!-- loginPage.LoginToSalesForce2 -->
