<?xml version="1.0" encoding="UTF-8"?>
<!-- Generated by org.testng.reporters.JUnitReportReporter -->
<testsuite skipped="0" hostname="DESKTOP-JU5IVL4" name="login.loginTest" tests="1" failures="0" timestamp="2021-09-29T11:49:52 EDT" time="16.904" errors="0">
  <testcase name="LoginToSFDC" time="16.904" classname="login.loginTest"/>
  <system-out/>
</testsuite> <!-- login.loginTest -->
