<?xml version="1.0" encoding="UTF-8"?>
<!-- Generated by org.testng.reporters.JUnitReportReporter -->
<testsuite skipped="0" hostname="DESKTOP-JU5IVL4" name="com.training.test.createAccount.CreateAccountTest" tests="1" failures="0" timestamp="2021-10-15T15:15:45 PDT" time="21.073" errors="0">
  <testcase name="TC10_CreateAccount" time="21.073" classname="com.training.test.createAccount.CreateAccountTest"/>
  <system-out/>
</testsuite> <!-- com.training.test.createAccount.CreateAccountTest -->
