<?xml version="1.0" encoding="UTF-8"?>
<!-- Generated by org.testng.reporters.JUnitReportReporter -->
<testsuite skipped="0" hostname="DESKTOP-JU5IVL4" name="com.training.test.login.LoginTest" tests="1" failures="0" timestamp="2021-10-11T20:35:27 EDT" time="15.061" errors="0">
  <testcase name="Login_To_SalesForce_2" time="15.061" classname="com.training.test.login.LoginTest"/>
  <system-out/>
</testsuite> <!-- com.training.test.login.LoginTest -->
