<?xml version="1.0" encoding="UTF-8"?>
<!-- Generated by org.testng.reporters.JUnitReportReporter -->
<testsuite skipped="0" hostname="DESKTOP-JU5IVL4" name="com.training.test.usermenudropdownHomeTest.UserMenuDropdownTest" tests="1" failures="0" timestamp="2021-10-12T18:22:36 PDT" time="16.166" errors="0">
  <testcase name="testcase9" time="16.166" classname="com.training.test.usermenudropdownHomeTest.UserMenuDropdownTest"/>
  <system-out/>
</testsuite> <!-- com.training.test.usermenudropdownHomeTest.UserMenuDropdownTest -->
